<?xml version="1.0" encoding="UTF-8"?>
<Site BuildName="(empty)"
	BuildStamp="20240908-0856-Experimental"
	Name="(empty)"
	Generator="ctest-3.28.2"
	CompilerName=""
	CompilerVersion=""
	OSName="Linux"
	Hostname="fedora"
	OSRelease="6.10.6-200.fc40.x86_64"
	OSVersion="#1 SMP PREEMPT_DYNAMIC Mon Aug 19 14:09:30 UTC 2024"
	OSPlatform="x86_64"
	Is64Bits="1"
	VendorString="GenuineIntel"
	VendorID="Intel Corporation"
	FamilyID="6"
	ModelID="142"
	ProcessorCacheSize="6144"
	NumberOfLogicalCPU="8"
	NumberOfPhysicalCPU="4"
	TotalVirtualMemory="7673"
	TotalPhysicalMemory="7674"
	LogicalProcessorsPerPhysical="2"
	ProcessorClockFrequency="2453.52"
	>
	<Testing>
		<StartDateTime>Sep 08 17:34 CST</StartDateTime>
		<StartTestTime>1725788040</StartTestTime>
		<TestList/>
		<EndDateTime>Sep 08 17:34 CST</EndDateTime>
		<EndTestTime>1725788040</EndTestTime>
		<ElapsedMinutes>0</ElapsedMinutes>
	</Testing>
</Site>
