Start testing: Sep 08 17:33 CST
----------------------------------------------------------
1/2 Testing: test_config
1/2 Test: test_config
Command: "/home/qing/CodeJourney/snorlaxchat/server/test/test_config"
Directory: /home/qing/CodeJourney/snorlaxchat/server/test
"test_config" start time: Sep 08 17:33 CST
Output:
----------------------------------------------------------
Running main() from /home/qing/googletest/googletest/src/gtest_main.cc
[==========] Running 2 tests from 1 test suite.
[----------] Global test environment set-up.
[----------] 2 tests from ConfigTest
[ RUN      ] ConfigTest.DefaultValues
[       OK ] ConfigTest.DefaultValues (0 ms)
[ RUN      ] ConfigTest.FullConstructor
[       OK ] ConfigTest.FullConstructor (0 ms)
[----------] 2 tests from ConfigTest (0 ms total)

[----------] Global test environment tear-down
[==========] 2 tests from 1 test suite ran. (0 ms total)
[  PASSED  ] 2 tests.
<end of output>
Test time =   0.01 sec
----------------------------------------------------------
Test Passed.
"test_config" end time: Sep 08 17:33 CST
"test_config" time elapsed: 00:00:00
----------------------------------------------------------

End testing: Sep 08 17:33 CST
